Sit 4
Amet 4
Mauris 3
Aliquam 3
Risus 3
Gravida 2
Fringilla 2
Porttitor 2
Leo 2
Ac 2
Imperdiet 2
Arcu 2
Eu 2
Pretium 2
Quis 2
Commodo 2
Sollicitudin 2
Sed 2
Vulputate 2
At 2
Et 2
Volutpat 2
Tempus 2
Proin 1
Orci 1
Phasellus 1
Facilisis 1
Rhoncus 1
Hendrerit 1
Malesuada 1
Vehicula 1
Diam 1
Integer 1
Nibh 1
Donec 1
Accumsan 1
Nam 1
Lacus 1
Mollis 1
Vestibulum 1
Enim 1
Tellus 1
Dapibus 1
Fermentum 1
Quam 1
Mi 1
Velit 1
Fusce 1
Viverra 1
Purus 1
Eget 1
Ex 1
Varius 1
Condimentum 1
Metus 1
Ante 1
Vitae 1
Ultricies 1
Erat 1
Interdum 1
In 1
Pulvinar 1
Justo 1
Ligula 1
Suscipit 1
Neque 1
Porta 1
Praesent 1
Lobortis 1
Nisl 1
Suspendisse 1
