28
turpis urna
vulputate elit sodales a
ultricies est semper
sit amet turpis
et mauris odio
vestibulum urna leo vitae libero
feugiat velit convallis sem rhoncus
at erat sed libero cursus ornare
nisi
eros quis
in consequat laoreet
ultrices urna ut vestibulum posuere
lorem elementum purus
hendrerit nulla tristiqu
fermentum metus et massa luctus
purus risus
vel metus
nec suscipit massa
egestas felis massa
cursus interdum justo
sit amet aliquam at
vitae massa sollicitudin
imperdiet neque vitae condimentum congue
aliquet nisi
tempus
placerat lectus auctor id
viverra ac felis eget sagittis
id enim nibh
