Orci 3
Tincidunt 3
Vitae 3
Eu 3
Molestie 3
Urna 2
Velit 2
Sagittis 2
Ante 2
In 2
Pellentesque 2
Scelerisque 2
Sodales 2
Ac 2
Sed 2
Mauris 2
Dapibus 2
Et 2
Etiam 1
Varius 1
Maecenas 1
Tempor 1
Fusce 1
Ex 1
Ornare 1
Pretium 1
Ultricies 1
Eget 1
Nisi 1
Lacus 1
Fringilla 1
Commodo 1
Quis 1
Convallis 1
Magna 1
Suspendisse 1
Dolor 1
Non 1
Mi 1
Vulputate 1
Hendrerit 1
Quam 1
Quisque 1
Fermentum 1
Nunc 1
Ut 1
Neque 1
Luctus 1
Phasellus 1
Sollicitudin 1
Enim 1
Tellus 1
Finibus 1
Congue 1
Vel 1
Lorem 1
Habitant 1
Morbi 1
Tristique 1
Senectus 1
Netus 1
Malesuada 1
Fames 1
Turpis 1
Egestas 1
