Sed 3
Tristique 3
Id 3
Ac 3
Lacinia 2
Luctus 2
Eu 2
Aliquam 2
Et 2
Turpis 2
Condimentum 2
Enim 2
In 1
Vehicula 1
Libero 1
Quis 1
Facilisis 1
Vestibulum 1
Vivamus 1
Lectus 1
Justo 1
Nisi 1
Iaculis 1
Nam 1
A 1
Blandit 1
Ligula 1
Pellentesque 1
Habitant 1
Morbi 1
Senectus 1
Netus 1
Malesuada 1
Fames 1
Egestas 1
Integer 1
Ut 1
Elit 1
Arcu 1
Tempus 1
Tincidunt 1
Tortor 1
Fusce 1
Bibendum 1
Erat 1
Interdum 1
Ullamcorper 1
Mattis 1
Praesent 1
Gravida 1
Nec 1
Diam 1
Felis 1
Lobortis 1
Donec 1
Vitae 1
Feugiat 1
Velit 1
Ultrices 1
Pulvinar 1
Sem 1
