Sit 4
Amet 4
In 4
Sed 3
At 3
Nec 3
Eros 3
Vivamus 3
Est 2
Pellentesque 2
Gravida 2
Lorem 2
Nulla 2
Dignissim 2
Praesent 2
Porttitor 2
Elit 2
Vitae 2
Risus 2
Id 2
Neque 2
Porta 2
Arcu 2
Consectetur 2
Tortor 1
Congue 1
Non 1
Nisi 1
Tristique 1
Sollicitudin 1
Ligula 1
Pretium 1
Malesuada 1
Sagittis 1
Tempus 1
Tincidunt 1
Dictum 1
Mattis 1
Et 1
Rhoncus 1
Mauris 1
Mollis 1
Erat 1
Vel 1
Rutrum 1
Nisl 1
Suspendisse 1
Potenti 1
Ac 1
Lectus 1
Ipsum 1
Velit 1
Fusce 1
Interdum 1
Placerat 1
Luctus 1
Nibh 1
Urna 1
Imperdiet 1
Fringilla 1
Integer 1
Pharetra 1
Egestas 1
