Aliquet 3
Fringilla 3
Quis 3
Nulla 2
Semper 2
Elit 2
Eget 2
Enim 2
Sed 2
Mauris 2
Porta 2
Eu 2
Curabitur 2
Nibh 2
Pellentesque 2
Laoreet 2
Nec 2
Justo 2
Sit 2
Amet 2
Id 2
Rutrum 1
Arcu 1
Vitae 1
Malesuada 1
Scelerisque 1
Sem 1
Finibus 1
A 1
Morbi 1
Ex 1
Risus 1
Urna 1
Non 1
Posuere 1
Eleifend 1
Dui 1
Ullamcorper 1
Varius 1
Augue 1
Odio 1
Nisi 1
Velit 1
Ac 1
Pharetra 1
Accumsan 1
Ut 1
At 1
Libero 1
Consectetur 1
Leo 1
Porttitor 1
Sodales 1
Magna 1
Purus 1
Phasellus 1
Nunc 1
Dictum 1
Consequat 1
Proin 1
Blandit 1
Efficitur 1
Ante 1
Lacinia 1
Neque 1
